[debug] [2020-03-03T19:08:21.372Z] ----------------------------------------------------------------------
[debug] [2020-03-03T19:08:21.374Z] Command:       C:\Program Files\nodejs\node.exe C:\Users\Thang Le\AppData\Roaming\npm\node_modules\firebase-tools\lib\bin\firebase.js init
[debug] [2020-03-03T19:08:21.374Z] CLI Version:   7.14.0
[debug] [2020-03-03T19:08:21.374Z] Platform:      win32
[debug] [2020-03-03T19:08:21.375Z] Node Version:  v12.15.0
[debug] [2020-03-03T19:08:21.375Z] Time:          Tue Mar 03 2020 14:08:21 GMT-0500 (Eastern Standard Time)
[debug] [2020-03-03T19:08:21.376Z] ----------------------------------------------------------------------
[debug] [2020-03-03T19:08:21.376Z] 
[debug] [2020-03-03T19:08:21.390Z] > command requires scopes: ["email","openid","https://www.googleapis.com/auth/cloudplatformprojects.readonly","https://www.googleapis.com/auth/firebase","https://www.googleapis.com/auth/cloud-platform"]
[debug] [2020-03-03T19:08:21.390Z] > authorizing via signed-in user
[info] 
     ######## #### ########  ######## ########     ###     ######  ########
     ##        ##  ##     ## ##       ##     ##  ##   ##  ##       ##
     ######    ##  ########  ######   ########  #########  ######  ######
     ##        ##  ##    ##  ##       ##     ## ##     ##       ## ##
     ##       #### ##     ## ######## ########  ##     ##  ######  ########

You're about to initialize a Firebase project in this directory:

  C:\Users\Thang Le\Documents\github\thangvle.github.io

[info] 
=== Project Setup
[info] 
[info] First, let's associate this project directory with a Firebase project.
[info] You can create multiple project aliases by running firebase use --add, 
[info] but for now we'll just set up a default project.
[info] 
[debug] [2020-03-03T19:08:35.519Z] > refreshing access token with scopes: ["email","https://www.googleapis.com/auth/cloud-platform","https://www.googleapis.com/auth/cloudplatformprojects.readonly","https://www.googleapis.com/auth/firebase","openid"]
[debug] [2020-03-03T19:08:35.520Z] >>> HTTP REQUEST POST https://www.googleapis.com/oauth2/v3/token  
 <request body omitted>
[debug] [2020-03-03T19:08:35.698Z] <<< HTTP RESPONSE 200
[debug] [2020-03-03T19:08:35.714Z] >>> HTTP REQUEST GET https://firebase.googleapis.com/v1beta1/projects?pageSize=100  
 
[debug] [2020-03-03T19:08:35.944Z] <<< HTTP RESPONSE 200
[info] i  Using project telefoto (telefoto)
[info] 
=== Hosting Setup
[info] 
[info] Your public directory is the folder (relative to your project directory) that
[info] will contain Hosting assets to be uploaded with firebase deploy. If you
[info] have a build process for your assets, use your build's output directory.
[info] 
